date: 2014-01-07 00:17:56.878
argv: node /usr/local/bin/hexo g -w
os: Darwin 13.0.0 darwin x64
version:
  hexo: 2.4.2
  http_parser: 1.0
  node: 0.10.15
  v8: 3.14.5.9
  ares: 1.9.0-DEV
  uv: 0.10.13
  zlib: 1.2.3
  modules: 11
  openssl: 1.0.1e
---

[debug] 00:04:27.568 Configuration file load successfully
[debug] 00:04:27.570 Version info checked successfully
[debug] 00:04:27.601 Loading database.
[debug] 00:04:27.640 Plugin loaded successfully: hexo-generator-feed
[debug] 00:04:27.657 Plugin loaded successfully: hexo-generator-sitemap
[debug] 00:04:27.699 Plugin loaded successfully: hexo-renderer-coffeescript
[debug] 00:04:27.873 Plugin loaded successfully: hexo-renderer-jade
[debug] 00:04:27.901 Plugin loaded successfully: hexo-renderer-less
[debug] 00:04:27.919 Theme layout loaded
[debug] 00:04:27.984 Theme source loaded
[debug] 00:04:27.987 Theme configuration loaded
[debug] 00:04:27.991 Theme language files loaded
[debug] 00:04:28.013 Processed: _posts/hello-world.md
[debug] 00:04:28.016 Cache saved
[info] 00:04:28.093 Using drafts.
[info] 00:04:28.094 Hexo is running at localhost:4000/. Press Ctrl+C to stop.
[debug] 00:15:15.260 Render archive: archives/
[delete] 00:17:56.768 Theme: source/images/fotogrph-dark-stairwell.jpg
[delete] 00:17:56.769 Theme: source/images/n33-robot-invader.jpg
[info] 00:17:56.769 unlinkDir Theme: %s source/images
[error] 00:17:56.872 ReferenceError: route is not defined
ReferenceError: route is not defined
    at _watchSource (/usr/local/lib/node_modules/hexo/lib/core/theme.js:211:5)
    at /usr/local/lib/node_modules/hexo/lib/core/theme.js:261:15
    at /usr/local/lib/node_modules/hexo/node_modules/async/lib/async.js:108:13
    at Array.forEach (native)
    at _each (/usr/local/lib/node_modules/hexo/node_modules/async/lib/async.js:32:24)
    at Object.async.each (/usr/local/lib/node_modules/hexo/node_modules/async/lib/async.js:107:9)
    at async.series.generate.watch (/usr/local/lib/node_modules/hexo/lib/core/theme.js:250:17)
    at /usr/local/lib/node_modules/hexo/node_modules/async/lib/async.js:548:21
    at /usr/local/lib/node_modules/hexo/node_modules/async/lib/async.js:224:13
    at iterate (/usr/local/lib/node_modules/hexo/node_modules/async/lib/async.js:131:13)
    at async.eachSeries (/usr/local/lib/node_modules/hexo/node_modules/async/lib/async.js:147:9)
    at _asyncMap (/usr/local/lib/node_modules/hexo/node_modules/async/lib/async.js:223:9)
    at Object.mapSeries (/usr/local/lib/node_modules/hexo/node_modules/async/lib/async.js:213:23)
    at Object.async.series (/usr/local/lib/node_modules/hexo/node_modules/async/lib/async.js:546:19)
    at timerFn [as _onTimeout] (/usr/local/lib/node_modules/hexo/lib/core/theme.js:248:13)
    at Timer.listOnTimeout [as ontimeout] (timers.js:110:15)
[debug] 00:16:15.019 Configuration file load successfully
[debug] 00:16:15.021 Version info checked successfully
[debug] 00:16:15.060 Loading database.
[debug] 00:16:15.105 Plugin loaded successfully: hexo-generator-feed
[debug] 00:16:15.126 Plugin loaded successfully: hexo-generator-sitemap
[debug] 00:16:15.176 Plugin loaded successfully: hexo-renderer-coffeescript
[debug] 00:16:15.450 Plugin loaded successfully: hexo-renderer-jade
[debug] 00:16:15.497 Plugin loaded successfully: hexo-renderer-less
[debug] 00:16:15.520 Theme layout loaded
[debug] 00:16:15.531 Theme configuration loaded
[debug] 00:16:15.652 Theme source loaded
[debug] 00:16:15.681 Theme language files loaded
[debug] 00:16:15.720 Processed: _posts/hello-world.md
[debug] 00:16:15.727 Cache saved
[info] 00:16:15.838 Files loaded in 0.339s
[debug] 00:16:15.855 Public folder cleared: archives/index.html,archives/2014/index.html,archives/2014/01/index.html,index.html,general/2014/01/06/hello-world/index.html,LICENSE.txt,README.txt,fancybox/blank.gif,fancybox/fancybox_loading.gif,fancybox/fancybox_loading@2x.gif,fancybox/fancybox_overlay.png,fancybox/fancybox_sprite.png,fancybox/fancybox_sprite@2x.png,fancybox/jquery.fancybox.css,fancybox/jquery.fancybox.pack.js,images/fotogrph-dark-stairwell.jpg,images/n33-robot-invader.jpg,css/skel-noscript.css,css/style-desktop.css,css/style-mobile.css,css/style-narrow.css,css/style-narrower.css,css/style-wide.css,css/style.css,css/tomorrow-night.css,css/font/FontAwesome.otf,css/font/fontawesome-webfont.eot,css/font/fontawesome-webfont.svg,css/font/fontawesome-webfont.ttf,css/font/fontawesome-webfont.woff,css/images/bg1.png,css/images/bg2.png,css/images/mobileUI-site-nav-opener-bg.svg,js/gallery.js,js/highlight.pack.js,js/html5shiv.js,js/init.js,js/jquery.imagesloaded.min.js,js/jquery.min.js,js/skel-panels.min.js,js/skel.min.js,js/styles/arta.css,js/styles/ascetic.css,js/styles/brown_paper.css,js/styles/brown_papersq.png,js/styles/dark.css,js/styles/default.css,js/styles/docco.css,js/styles/far.css,js/styles/foundation.css,js/styles/github.css,js/styles/googlecode.css,js/styles/idea.css,js/styles/ir_black.css,js/styles/magula.css,js/styles/mono-blue.css,js/styles/monokai.css,js/styles/monokai_sublime.css,js/styles/obsidian.css,js/styles/pojoaque.css,js/styles/pojoaque.jpg,js/styles/railscasts.css,js/styles/rainbow.css,js/styles/school_book.css,js/styles/school_book.png,js/styles/solarized_dark.css,js/styles/solarized_light.css,js/styles/sunburst.css,js/styles/tomorrow-night-blue.css,js/styles/tomorrow-night-bright.css,js/styles/tomorrow-night-eighties.css,js/styles/tomorrow-night.css,js/styles/tomorrow.css,js/styles/vs.css,js/styles/xcode.css,js/styles/zenburn.css,atom.xml,sitemap.xml
[debug] 00:16:15.882 Render archive: archives/
[debug] 00:16:15.882 Render archive: archives/2014/
[debug] 00:16:15.882 Render archive: archives/2014/01/
[debug] 00:16:15.882 Render post: general/2014/01/06/hello-world/
[create] 00:16:15.977 Public: sitemap.xml
[create] 00:16:15.978 Public: atom.xml
[create] 00:16:15.981 Public: index.html
[create] 00:16:15.981 Public: archives/index.html
[create] 00:16:15.983 Public: general/2014/01/06/hello-world/index.html
[create] 00:16:15.983 Public: archives/2014/01/index.html
[create] 00:16:15.983 Public: archives/2014/index.html
[info] 00:16:15.983 7 files generated in 0.143s
[delete] 00:17:56.762 Theme: source/images/fotogrph-dark-stairwell.jpg
[delete] 00:17:56.763 Theme: source/images/n33-robot-invader.jpg
[info] 00:17:56.763 unlinkDir Theme: %s source/images
[error] 00:17:56.872 ReferenceError: route is not defined
ReferenceError: route is not defined
    at _watchSource (/usr/local/lib/node_modules/hexo/lib/core/theme.js:211:5)
    at /usr/local/lib/node_modules/hexo/lib/core/theme.js:261:15
    at /usr/local/lib/node_modules/hexo/node_modules/async/lib/async.js:108:13
    at Array.forEach (native)
    at _each (/usr/local/lib/node_modules/hexo/node_modules/async/lib/async.js:32:24)
    at Object.async.each (/usr/local/lib/node_modules/hexo/node_modules/async/lib/async.js:107:9)
    at async.series.generate.watch (/usr/local/lib/node_modules/hexo/lib/core/theme.js:250:17)
    at /usr/local/lib/node_modules/hexo/node_modules/async/lib/async.js:548:21
    at /usr/local/lib/node_modules/hexo/node_modules/async/lib/async.js:224:13
    at iterate (/usr/local/lib/node_modules/hexo/node_modules/async/lib/async.js:131:13)
    at async.eachSeries (/usr/local/lib/node_modules/hexo/node_modules/async/lib/async.js:147:9)
    at _asyncMap (/usr/local/lib/node_modules/hexo/node_modules/async/lib/async.js:223:9)
    at Object.mapSeries (/usr/local/lib/node_modules/hexo/node_modules/async/lib/async.js:213:23)
    at Object.async.series (/usr/local/lib/node_modules/hexo/node_modules/async/lib/async.js:546:19)
    at timerFn [as _onTimeout] (/usr/local/lib/node_modules/hexo/lib/core/theme.js:248:13)
    at Timer.listOnTimeout [as ontimeout] (timers.js:110:15)
